Script.lock Sync remote_dotfiles_sync.sh synclogs.log cntlm is running
Cntlm Proxy Is Running
Pinging Git
GIT ping Response 
GIT ACCESS CHECK DONE
GIT ACCESS CHECK true
Script.lock Sync remote_dotfiles_sync.sh synclogs.log cntlm is running
Cntlm Proxy Is Running
Pinging Git
GIT ping Response 
GIT ACCESS CHECK DONE
GIT ACCESS CHECK true
Script.lock Sync remote_dotfiles_sync.sh synclogs.log cntlm is running
Cntlm Proxy Is Running
Pinging Git
GIT ping Response 
GIT ACCESS CHECK DONE
GIT ACCESS CHECK true
Script.lock Sync remote_dotfiles_sync.sh synclogs.log cntlm is running
Cntlm Proxy Is Running
Pinging Git
GIT ping Response 
GIT ACCESS CHECK DONE
GIT ACCESS CHECK true
Script.lock Sync remote_dotfiles_sync.sh synclogs.log cntlm is running
Cntlm Proxy Is Running
Pinging Git
GIT ping Response 
GIT ACCESS CHECK DONE
GIT ACCESS CHECK true
Script.lock Sync remote_dotfiles_sync.sh synclogs.log cntlm is running
Cntlm Proxy Is Running
Pinging Git
GIT ping Response 
GIT ACCESS CHECK DONE
GIT ACCESS CHECK true
Script.lock Sync remote_dotfiles_sync.sh synclogs.log cntlm is running
Cntlm Proxy Is Running
Pinging Git
GIT ping Response 403
GIT ACCESS CHECK DONE
GIT ACCESS CHECK true
Script.lock Sync remote_dotfiles_sync.sh synclogs.log cntlm is running
Cntlm Proxy Is Running
Pinging Git
GIT ping Response Word
GIT ACCESS CHECK DONE
GIT ACCESS CHECK true
Script.lock Sync remote_dotfiles_sync.sh synclogs.log cntlm is running
Cntlm Proxy Is Running
Pinging Git
GIT ping Response Word
GIT ACCESS CHECK DONE
GIT ACCESS CHECK false
Sessions End Fri Sep 18 16:44:00 NZST 2020
[master 8fa3cf3] Sessions End Fri Sep 18 16:44:00 NZST 2020
 3 files changed, 69 insertions(+), 1506 deletions(-)
 delete mode 100644 index.html
 rewrite synclogs.log (84%)
