[?1049h[22;0;0t[?1h=[H[2J[?2004h[?2026$p[?2027$p[?2031$p[?2048$p[?u[c[?25h[?25l(B[m[H                                                                                
                                                                                
                                                                                
                                                                                
                                                                                
                                                                                
                                                                                
                                                                                
                                                                                
                                                                                
                                                                                
                                                                                
                                                                                
                                                                                
                                                                                
                                                                                
                                                                                
                                                                                
                                                                                
                                                                                
                                                                                
                                                                                
                                                                                
                                                                                [1 q[?1002h[?1006h(B[m[H                                                                                (B[m
                                                                                (B[m
                                                                                (B[m
                                                                                (B[m
                                                                                (B[m
                                                                                (B[m
                                                                                (B[m
                                                                                (B[m
                                                                                (B[m
                                                                                (B[m
                                                                                (B[m
                                                                                (B[m
                                                                                (B[m
                                                                                (B[m
                                                                                (B[m
                                                                                (B[m
                                                                                (B[m
                                                                                (B[m
                                                                                (B[m
                                                                                (B[m
                                                                                (B[m
                                                                                (B[m
                                                                                (B[m
                                                                                [H[?1004h[23B(B[m[38;2;235;219;178m[48;2;40;40;40mUpdating registries…[H[23M
/Users/peter.bowman/.config/nvim:/Users/peter.bowman/.local/share/mise/installs/
python/3.13.2/lib/python3.13/site-packages                                      
{                                                                               
  F = {                                                                         
    if_nil = <function 1>,                                                      
    nil_wrap = <function 2>,                                                    
    npcall = <function 3>,                                                      
    ok_or_nil = <function 4>,                                                   
    pack_len = <function 5>,                                                    
    unpack_len = <function 6>                                                   
  },                                                                            
  NIL = vim.NIL,                                                                
  _create_ts_parser = <function 7>,                                             
  _create_ts_querycursor = <function 8>,                                        
  _cs_remote = <function 9>,                                                    
  _defer_deprecated_module = <function 10>,                                     
  _defer_require = <function 11>,                                               
  _empty_dict_mt = {                                                            
    __tostring = <function 12>                                                  
  },                                                                            
  _ensure_list = <function 13>,                                                 
  _expand_pat = <function 14>,                                                  
-- More --                                                                      [2 q[?1002l[?1006l[HUpdating registries…[1;21H[K
/Users/peter.bowman/.config/nvim:/Users/peter.bowman/.local/share/mise/installs/
python/3.13.2/lib/python3.13/site-packages[K
{[K
  F = {[K
    if_nil = <function 1>,[K
    nil_wrap = <function 2>,[K
    npcall = <function 3>,[K
    ok_or_nil = <function 4>,[K
    pack_len = <function 5>,[K
    unpack_len = <function 6>[K
  },[K
  NIL = vim.NIL,[K
  _create_ts_parser = <function 7>,[K
  _create_ts_querycursor = <function 8>,[K
  _cs_remote = <function 9>,[K
  _defer_deprecated_module = <function 10>,[K
  _defer_require = <function 11>,[K
  _empty_dict_mt = {[K
    __tostring = <function 12>[K
  },[K
  _ensure_list = <function 13>,[K
  _expand_pat = <function 14>,[K
-- More --[K[?25h[?1049h[22;0;0t[?1h=[H[2J[?2004h[?2026$p[?2027$p[?2031$p[?2048$p[?u[c[?25h[?25l(B[m[H                                                                                
                                                                                
                                                                                
                                                                                
                                                                                
                                                                                
                                                                                
                                                                                
                                                                                
                                                                                
                                                                                
                                                                                
                                                                                
                                                                                
                                                                                
                                                                                
                                                                                
                                                                                
                                                                                
                                                                                
                                                                                
                                                                                
                                                                                
                                                                                [1 q[?1002h[?1006h(B[m[H                                                                                (B[m
                                                                                (B[m
                                                                                (B[m
                                                                                (B[m
                                                                                (B[m
                                                                                (B[m
                                                                                (B[m
                                                                                (B[m
                                                                                (B[m
                                                                                (B[m
                                                                                (B[m
                                                                                (B[m
                                                                                (B[m
                                                                                (B[m
                                                                                (B[m
                                                                                (B[m
                                                                                (B[m
                                                                                (B[m
                                                                                (B[m
                                                                                (B[m
                                                                                (B[m
                                                                                (B[m
                                                                                (B[m
                                                                                [H[?1004h[23B(B[m[38;2;235;219;178m[48;2;40;40;40mUpdating registries…[H[23M
/Users/peter.bowman/.config/nvim:/Users/peter.bowman/.local/share/mise/installs/
python/3.13.2/lib/python3.13/site-packages                                      
{                                                                               
  F = {                                                                         
    if_nil = <function 1>,                                                      
    nil_wrap = <function 2>,                                                    
    npcall = <function 3>,                                                      
    ok_or_nil = <function 4>,                                                   
    pack_len = <function 5>,                                                    
    unpack_len = <function 6>                                                   
  },                                                                            
  NIL = vim.NIL,                                                                
  _create_ts_parser = <function 7>,                                             
  _create_ts_querycursor = <function 8>,                                        
  _cs_remote = <function 9>,                                                    
  _defer_deprecated_module = <function 10>,                                     
  _defer_require = <function 11>,                                               
  _empty_dict_mt = {                                                            
    __tostring = <function 12>                                                  
  },                                                                            
  _ensure_list = <function 13>,                                                 
  _expand_pat = <function 14>,                                                  
-- More --                                                                      [2 q[?1002l[?1006l[HUpdating registries…[1;21H[K
/Users/peter.bowman/.config/nvim:/Users/peter.bowman/.local/share/mise/installs/
python/3.13.2/lib/python3.13/site-packages[K
{[K
  F = {[K
    if_nil = <function 1>,[K
    nil_wrap = <function 2>,[K
    npcall = <function 3>,[K
    ok_or_nil = <function 4>,[K
    pack_len = <function 5>,[K
    unpack_len = <function 6>[K
  },[K
  NIL = vim.NIL,[K
  _create_ts_parser = <function 7>,[K
  _create_ts_querycursor = <function 8>,[K
  _cs_remote = <function 9>,[K
  _defer_deprecated_module = <function 10>,[K
  _defer_require = <function 11>,[K
  _empty_dict_mt = {[K
    __tostring = <function 12>[K
  },[K
  _ensure_list = <function 13>,[K
  _expand_pat = <function 14>,[K
-- More --[K[?25h[?1049h[22;0;0t[?1h=[H[2J[?2004h[?2026$p[?2027$p[?2031$p[?2048$p[?u[c[?25h[?25l(B[m[H                                                                                
                                                                                
                                                                                
                                                                                
                                                                                
                                                                                
                                                                                
                                                                                
                                                                                
                                                                                
                                                                                
                                                                                
                                                                                
                                                                                
                                                                                
                                                                                
                                                                                
                                                                                
                                                                                
                                                                                
                                                                                
                                                                                
                                                                                
                                                                                [1 q[?1002h[?1006h(B[m[H                                                                                (B[m
                                                                                (B[m
                                                                                (B[m
                                                                                (B[m
                                                                                (B[m
                                                                                (B[m
                                                                                (B[m
                                                                                (B[m
                                                                                (B[m
                                                                                (B[m
                                                                                (B[m
                                                                                (B[m
                                                                                (B[m
                                                                                (B[m
                                                                                (B[m
                                                                                (B[m
                                                                                (B[m
                                                                                (B[m
                                                                                (B[m
                                                                                (B[m
                                                                                (B[m
                                                                                (B[m
                                                                                (B[m
                                                                                [H[?1004h[23B(B[m[38;2;235;219;178m[48;2;40;40;40mUpdating registries…[H[23M
/Users/peter.bowman/.config/nvim:/Users/peter.bowman/.local/share/mise/installs/
python/3.13.2/lib/python3.13/site-packages                                      
{                                                                               
  F = {                                                                         
    if_nil = <function 1>,                                                      
    nil_wrap = <function 2>,                                                    
    npcall = <function 3>,                                                      
    ok_or_nil = <function 4>,                                                   
    pack_len = <function 5>,                                                    
    unpack_len = <function 6>                                                   
  },                                                                            
  NIL = vim.NIL,                                                                
  _create_ts_parser = <function 7>,                                             
  _create_ts_querycursor = <function 8>,                                        
  _cs_remote = <function 9>,                                                    
  _defer_deprecated_module = <function 10>,                                     
  _defer_require = <function 11>,                                               
  _empty_dict_mt = {                                                            
    __tostring = <function 12>                                                  
  },                                                                            
  _ensure_list = <function 13>,                                                 
  _expand_pat = <function 14>,                                                  
-- More --                                                                      [2 q[?1002l[?1006l[HUpdating registries…[1;21H[K
/Users/peter.bowman/.config/nvim:/Users/peter.bowman/.local/share/mise/installs/
python/3.13.2/lib/python3.13/site-packages[K
{[K
  F = {[K
    if_nil = <function 1>,[K
    nil_wrap = <function 2>,[K
    npcall = <function 3>,[K
    ok_or_nil = <function 4>,[K
    pack_len = <function 5>,[K
    unpack_len = <function 6>[K
  },[K
  NIL = vim.NIL,[K
  _create_ts_parser = <function 7>,[K
  _create_ts_querycursor = <function 8>,[K
  _cs_remote = <function 9>,[K
  _defer_deprecated_module = <function 10>,[K
  _defer_require = <function 11>,[K
  _empty_dict_mt = {[K
    __tostring = <function 12>[K
  },[K
  _ensure_list = <function 13>,[K
  _expand_pat = <function 14>,[K
-- More --[K[?25h